Standard Commons Logging discovery in action with spring-jcl: please remove commons-logging.jar from classpath in order to avoid potential conflicts

  .   ____          _            __ _ _
 /\\ / ___'_ __ _ _(_)_ __  __ _ \ \ \ \
( ( )\___ | '_ | '_| | '_ \/ _` | \ \ \ \
 \\/  ___)| |_)| | | | | || (_| |  ) ) ) )
  '  |____| .__|_| |_|_| |_\__, | / / / /
 =========|_|==============|___/=/_/_/_/

 :: Spring Boot ::                (v3.5.3)

2026-04-10T09:58:35.392+05:30  INFO 34924 --- [backend] [           main] com.example.backend.BackendApplication   : Starting BackendApplication v0.0.1-SNAPSHOT using Java 21.0.2 with PID 34924 (C:\Projects\Expensio.ai\backend\target\backend-0.0.1-SNAPSHOT.jar started by tanma in C:\Projects\Expensio.ai\backend)
2026-04-10T09:58:35.407+05:30  INFO 34924 --- [backend] [           main] com.example.backend.BackendApplication   : No active profile set, falling back to 1 default profile: "default"
2026-04-10T09:58:47.930+05:30  INFO 34924 --- [backend] [           main] o.s.b.w.embedded.tomcat.TomcatWebServer  : Tomcat initialized with port 8080 (http)
2026-04-10T09:58:48.370+05:30  INFO 34924 --- [backend] [           main] o.apache.catalina.core.StandardService   : Starting service [Tomcat]
2026-04-10T09:58:48.372+05:30  INFO 34924 --- [backend] [           main] o.apache.catalina.core.StandardEngine    : Starting Servlet engine: [Apache Tomcat/10.1.42]
2026-04-10T09:58:48.716+05:30  INFO 34924 --- [backend] [           main] o.a.c.c.C.[Tomcat].[localhost].[/]       : Initializing Spring embedded WebApplicationContext
2026-04-10T09:58:48.722+05:30  INFO 34924 --- [backend] [           main] w.s.c.ServletWebServerApplicationContext : Root WebApplicationContext: initialization completed in 12913 ms
Standard Commons Logging discovery in action with spring-jcl: please remove commons-logging.jar from classpath in order to avoid potential conflicts
2026-04-10T09:59:05.871+05:30  INFO 34924 --- [backend] [           main] r$InitializeUserDetailsManagerConfigurer : Global AuthenticationManager configured with UserDetailsService bean with name customUserDetailsService
2026-04-10T09:59:09.980+05:30  INFO 34924 --- [backend] [           main] o.s.b.w.embedded.tomcat.TomcatWebServer  : Tomcat started on port 8080 (http) with context path '/'
2026-04-10T09:59:10.029+05:30  INFO 34924 --- [backend] [           main] com.example.backend.BackendApplication   : Started BackendApplication in 38.856 seconds (process running for 42.725)
2026-04-10T10:04:04.086+05:30  INFO 34924 --- [backend] [nio-8080-exec-1] o.a.c.c.C.[Tomcat].[localhost].[/]       : Initializing Spring DispatcherServlet 'dispatcherServlet'
2026-04-10T10:04:04.095+05:30  INFO 34924 --- [backend] [nio-8080-exec-1] o.s.web.servlet.DispatcherServlet        : Initializing Servlet 'dispatcherServlet'
2026-04-10T10:04:04.136+05:30  INFO 34924 --- [backend] [nio-8080-exec-1] o.s.web.servlet.DispatcherServlet        : Completed initialization in 39 ms
2026-04-10T10:04:05.815+05:30  INFO 34924 --- [backend] [nio-8080-exec-1] c.e.backend.controller.AuthController    : Attempting user registration for: Tanmay Naigaonkar
2026-04-10T10:04:10.154+05:30  INFO 34924 --- [backend] [nio-8080-exec-1] c.example.backend.service.UserService    : Registering new user: Tanmay Naigaonkar
2026-04-10T10:04:10.936+05:30  INFO 34924 --- [backend] [nio-8080-exec-2] c.e.backend.controller.AuthController    : Attempting login for user: Tanmay Naigaonkar
2026-04-10T10:04:11.019+05:30  INFO 34924 --- [backend] [nio-8080-exec-2] c.e.b.security.CustomUserDetailsService  : Loading user details for username: Tanmay Naigaonkar
2026-04-10T10:04:11.176+05:30  INFO 34924 --- [backend] [nio-8080-exec-2] c.e.b.security.CustomUserDetailsService  : User found: Tanmay Naigaonkar, Role: ADMIN, Password exists: true
2026-04-10T10:04:11.254+05:30  INFO 34924 --- [backend] [nio-8080-exec-2] c.e.b.security.CustomUserDetailsService  : Loading user details for username: Tanmay Naigaonkar
2026-04-10T10:04:11.475+05:30  INFO 34924 --- [backend] [nio-8080-exec-2] c.e.b.security.CustomUserDetailsService  : User found: Tanmay Naigaonkar, Role: ADMIN, Password exists: true
2026-04-10T10:04:11.688+05:30  WARN 34924 --- [backend] [nio-8080-exec-2] c.e.backend.controller.AuthController    : Login failed for user: Tanmay Naigaonkar
2026-04-10T10:04:27.763+05:30  INFO 34924 --- [backend] [nio-8080-exec-3] c.e.backend.controller.AuthController    : Attempting user registration for: Tanmay Naigaonkar
2026-04-10T10:04:28.198+05:30  WARN 34924 --- [backend] [nio-8080-exec-3] c.e.b.exception.GlobalExceptionHandler   : Duplicate resource: Username already exists
2026-04-10T10:04:29.897+05:30  INFO 34924 --- [backend] [nio-8080-exec-9] c.e.backend.controller.AuthController    : Attempting user registration for: Tanmay Naigaonkar
2026-04-10T10:04:30.043+05:30  WARN 34924 --- [backend] [nio-8080-exec-9] c.e.b.exception.GlobalExceptionHandler   : Duplicate resource: Username already exists
2026-04-10T10:07:51.415+05:30  INFO 34924 --- [backend] [nio-8080-exec-7] c.e.backend.controller.AuthController    : Attempting login for user: testuser
2026-04-10T10:07:51.430+05:30  INFO 34924 --- [backend] [nio-8080-exec-7] c.e.b.security.CustomUserDetailsService  : Loading user details for username: testuser
2026-04-10T10:07:51.665+05:30  INFO 34924 --- [backend] [nio-8080-exec-7] c.e.b.security.CustomUserDetailsService  : User found: testuser, Role: USER, Password exists: true
2026-04-10T10:07:51.743+05:30  INFO 34924 --- [backend] [nio-8080-exec-7] c.e.b.security.CustomUserDetailsService  : Loading user details for username: testuser
2026-04-10T10:07:51.880+05:30  INFO 34924 --- [backend] [nio-8080-exec-7] c.e.b.security.CustomUserDetailsService  : User found: testuser, Role: USER, Password exists: true
2026-04-10T10:07:52.031+05:30  WARN 34924 --- [backend] [nio-8080-exec-7] c.e.backend.controller.AuthController    : Login failed for user: testuser
2026-04-10T10:07:59.833+05:30  INFO 34924 --- [backend] [nio-8080-exec-6] c.e.backend.controller.AuthController    : Attempting user registration for: testuser
2026-04-10T10:08:00.061+05:30  WARN 34924 --- [backend] [nio-8080-exec-6] c.e.b.exception.GlobalExceptionHandler   : Duplicate resource: Username already exists
2026-04-10T10:08:08.064+05:30  INFO 34924 --- [backend] [nio-8080-exec-8] c.e.backend.controller.AuthController    : Attempting login for user: testuser2
2026-04-10T10:08:08.064+05:30  INFO 34924 --- [backend] [nio-8080-exec-8] c.e.b.security.CustomUserDetailsService  : Loading user details for username: testuser2
2026-04-10T10:08:08.190+05:30  INFO 34924 --- [backend] [nio-8080-exec-8] c.e.b.security.CustomUserDetailsService  : User found: testuser2, Role: USER, Password exists: true
2026-04-10T10:08:08.341+05:30  INFO 34924 --- [backend] [nio-8080-exec-8] c.e.b.security.CustomUserDetailsService  : Loading user details for username: testuser2
2026-04-10T10:08:08.559+05:30  INFO 34924 --- [backend] [nio-8080-exec-8] c.e.b.security.CustomUserDetailsService  : User found: testuser2, Role: USER, Password exists: true
2026-04-10T10:08:08.783+05:30  WARN 34924 --- [backend] [nio-8080-exec-8] c.e.backend.controller.AuthController    : Login failed for user: testuser2
2026-04-10T10:08:54.712+05:30  INFO 34924 --- [backend] [nio-8080-exec-5] c.e.backend.controller.AuthController    : Attempting user registration for: admin
2026-04-10T10:08:54.962+05:30  INFO 34924 --- [backend] [nio-8080-exec-5] c.example.backend.service.UserService    : Registering new user: admin
2026-04-10T10:09:07.444+05:30  INFO 34924 --- [backend] [nio-8080-exec-4] c.e.backend.controller.AuthController    : Attempting login for user: admin
2026-04-10T10:09:07.445+05:30  INFO 34924 --- [backend] [nio-8080-exec-4] c.e.b.security.CustomUserDetailsService  : Loading user details for username: admin
2026-04-10T10:09:07.582+05:30  INFO 34924 --- [backend] [nio-8080-exec-4] c.e.b.security.CustomUserDetailsService  : User found: admin, Role: ADMIN, Password exists: true
2026-04-10T10:09:07.643+05:30  INFO 34924 --- [backend] [nio-8080-exec-4] c.e.b.security.CustomUserDetailsService  : Loading user details for username: admin
2026-04-10T10:09:07.772+05:30  INFO 34924 --- [backend] [nio-8080-exec-4] c.e.b.security.CustomUserDetailsService  : User found: admin, Role: ADMIN, Password exists: true
2026-04-10T10:09:07.932+05:30  WARN 34924 --- [backend] [nio-8080-exec-4] c.e.backend.controller.AuthController    : Login failed for user: admin
2026-04-10T10:09:41.767+05:30  INFO 34924 --- [backend] [io-8080-exec-10] c.e.backend.controller.AuthController    : Attempting user registration for: testuser
2026-04-10T10:09:41.962+05:30  WARN 34924 --- [backend] [io-8080-exec-10] c.e.b.exception.GlobalExceptionHandler   : Duplicate resource: Username already exists
2026-04-10T10:09:59.523+05:30  INFO 34924 --- [backend] [nio-8080-exec-1] c.e.backend.controller.AuthController    : Attempting login for user: testuser
2026-04-10T10:09:59.528+05:30  INFO 34924 --- [backend] [nio-8080-exec-1] c.e.b.security.CustomUserDetailsService  : Loading user details for username: testuser
2026-04-10T10:09:59.673+05:30  INFO 34924 --- [backend] [nio-8080-exec-1] c.e.b.security.CustomUserDetailsService  : User found: testuser, Role: USER, Password exists: true
2026-04-10T10:09:59.766+05:30  INFO 34924 --- [backend] [nio-8080-exec-1] c.e.b.security.CustomUserDetailsService  : Loading user details for username: testuser
2026-04-10T10:09:59.909+05:30  INFO 34924 --- [backend] [nio-8080-exec-1] c.e.b.security.CustomUserDetailsService  : User found: testuser, Role: USER, Password exists: true
2026-04-10T10:10:00.082+05:30  WARN 34924 --- [backend] [nio-8080-exec-1] c.e.backend.controller.AuthController    : Login failed for user: testuser
